{"$message_type":"diagnostic","message":"unexpected token: `\"visa_data_1\"`","code":null,"level":"error","spans":[{"file_name":"veil-tests/src/compile_tests/succeed.rs","byte_start":1219,"byte_end":1225,"line_start":83,"line_end":83,"column_start":10,"column_end":16,"is_primary":true,"text":[{"text":"#[derive(Redact)]","highlight_start":10,"highlight_end":16}],"label":null,"suggested_replacement":null,"suggestion_applicability":null,"expansion":{"span":{"file_name":"veil-tests/src/compile_tests/succeed.rs","byte_start":1219,"byte_end":1225,"line_start":83,"line_end":83,"column_start":10,"column_end":16,"is_primary":false,"text":[{"text":"#[derive(Redact)]","highlight_start":10,"highlight_end":16}],"label":null,"suggested_replacement":null,"suggestion_applicability":null,"expansion":null},"macro_decl_name":"#[derive(Redact)]","def_site_span":{"file_name":"/Users/vivian/Documents/CMU/19605 Engineering Privacy/secure-veil-debug-log/veil-macros/src/lib.rs","byte_start":405,"byte_end":459,"line_start":22,"line_end":22,"column_start":1,"column_end":55,"is_primary":false,"text":[{"text":"pub fn derive_redact(item: TokenStream) -> TokenStream {","highlight_start":1,"highlight_end":55}],"label":null,"suggested_replacement":null,"suggestion_applicability":null,"expansion":null}}}],"children":[],"rendered":"\u001b[0m\u001b[1m\u001b[38;5;9merror\u001b[0m\u001b[0m\u001b[1m: unexpected token: `\"visa_data_1\"`\u001b[0m\n\u001b[0m  \u001b[0m\u001b[0m\u001b[1m\u001b[38;5;12m--> \u001b[0m\u001b[0mveil-tests/src/compile_tests/succeed.rs:83:10\u001b[0m\n\u001b[0m   \u001b[0m\u001b[0m\u001b[1m\u001b[38;5;12m|\u001b[0m\n\u001b[0m\u001b[1m\u001b[38;5;12m83\u001b[0m\u001b[0m \u001b[0m\u001b[0m\u001b[1m\u001b[38;5;12m|\u001b[0m\u001b[0m \u001b[0m\u001b[0m#[derive(Redact)]\u001b[0m\n\u001b[0m   \u001b[0m\u001b[0m\u001b[1m\u001b[38;5;12m| \u001b[0m\u001b[0m         \u001b[0m\u001b[0m\u001b[1m\u001b[38;5;9m^^^^^^\u001b[0m\n\u001b[0m   \u001b[0m\u001b[0m\u001b[1m\u001b[38;5;12m|\u001b[0m\n\u001b[0m   \u001b[0m\u001b[0m\u001b[1m\u001b[38;5;12m= \u001b[0m\u001b[0m\u001b[1mnote\u001b[0m\u001b[0m: this error originates in the derive macro `Redact` (in Nightly builds, run with -Z macro-backtrace for more info)\u001b[0m\n\n"}
{"$message_type":"diagnostic","message":"expected one of `,`, `.`, `?`, or an operator, found `\"visa_data_1\"`","code":null,"level":"error","spans":[{"file_name":"veil-tests/src/compile_tests/succeed.rs","byte_start":1219,"byte_end":1225,"line_start":83,"line_end":83,"column_start":10,"column_end":16,"is_primary":true,"text":[{"text":"#[derive(Redact)]","highlight_start":10,"highlight_end":16}],"label":"expected one of `,`, `.`, `?`, or an operator","suggested_replacement":null,"suggestion_applicability":null,"expansion":{"span":{"file_name":"veil-tests/src/compile_tests/succeed.rs","byte_start":1219,"byte_end":1225,"line_start":83,"line_end":83,"column_start":10,"column_end":16,"is_primary":false,"text":[{"text":"#[derive(Redact)]","highlight_start":10,"highlight_end":16}],"label":null,"suggested_replacement":null,"suggestion_applicability":null,"expansion":null},"macro_decl_name":"#[derive(Redact)]","def_site_span":{"file_name":"/Users/vivian/Documents/CMU/19605 Engineering Privacy/secure-veil-debug-log/veil-macros/src/lib.rs","byte_start":405,"byte_end":459,"line_start":22,"line_end":22,"column_start":1,"column_end":55,"is_primary":false,"text":[{"text":"pub fn derive_redact(item: TokenStream) -> TokenStream {","highlight_start":1,"highlight_end":55}],"label":null,"suggested_replacement":null,"suggestion_applicability":null,"expansion":null}}}],"children":[],"rendered":"\u001b[0m\u001b[1m\u001b[38;5;9merror\u001b[0m\u001b[0m\u001b[1m: expected one of `,`, `.`, `?`, or an operator, found `\"visa_data_1\"`\u001b[0m\n\u001b[0m  \u001b[0m\u001b[0m\u001b[1m\u001b[38;5;12m--> \u001b[0m\u001b[0mveil-tests/src/compile_tests/succeed.rs:83:10\u001b[0m\n\u001b[0m   \u001b[0m\u001b[0m\u001b[1m\u001b[38;5;12m|\u001b[0m\n\u001b[0m\u001b[1m\u001b[38;5;12m83\u001b[0m\u001b[0m \u001b[0m\u001b[0m\u001b[1m\u001b[38;5;12m|\u001b[0m\u001b[0m \u001b[0m\u001b[0m#[derive(Redact)]\u001b[0m\n\u001b[0m   \u001b[0m\u001b[0m\u001b[1m\u001b[38;5;12m| \u001b[0m\u001b[0m         \u001b[0m\u001b[0m\u001b[1m\u001b[38;5;9m^^^^^^\u001b[0m\u001b[0m \u001b[0m\u001b[0m\u001b[1m\u001b[38;5;9mexpected one of `,`, `.`, `?`, or an operator\u001b[0m\n\u001b[0m   \u001b[0m\u001b[0m\u001b[1m\u001b[38;5;12m|\u001b[0m\n\u001b[0m   \u001b[0m\u001b[0m\u001b[1m\u001b[38;5;12m= \u001b[0m\u001b[0m\u001b[1mnote\u001b[0m\u001b[0m: this error originates in the derive macro `Redact` (in Nightly builds, run with -Z macro-backtrace for more info)\u001b[0m\n\n"}
{"$message_type":"diagnostic","message":"unexpected token: `\"visa_data_2\"`","code":null,"level":"error","spans":[{"file_name":"veil-tests/src/compile_tests/succeed.rs","byte_start":1219,"byte_end":1225,"line_start":83,"line_end":83,"column_start":10,"column_end":16,"is_primary":true,"text":[{"text":"#[derive(Redact)]","highlight_start":10,"highlight_end":16}],"label":null,"suggested_replacement":null,"suggestion_applicability":null,"expansion":{"span":{"file_name":"veil-tests/src/compile_tests/succeed.rs","byte_start":1219,"byte_end":1225,"line_start":83,"line_end":83,"column_start":10,"column_end":16,"is_primary":false,"text":[{"text":"#[derive(Redact)]","highlight_start":10,"highlight_end":16}],"label":null,"suggested_replacement":null,"suggestion_applicability":null,"expansion":null},"macro_decl_name":"#[derive(Redact)]","def_site_span":{"file_name":"/Users/vivian/Documents/CMU/19605 Engineering Privacy/secure-veil-debug-log/veil-macros/src/lib.rs","byte_start":405,"byte_end":459,"line_start":22,"line_end":22,"column_start":1,"column_end":55,"is_primary":false,"text":[{"text":"pub fn derive_redact(item: TokenStream) -> TokenStream {","highlight_start":1,"highlight_end":55}],"label":null,"suggested_replacement":null,"suggestion_applicability":null,"expansion":null}}}],"children":[],"rendered":"\u001b[0m\u001b[1m\u001b[38;5;9merror\u001b[0m\u001b[0m\u001b[1m: unexpected token: `\"visa_data_2\"`\u001b[0m\n\u001b[0m  \u001b[0m\u001b[0m\u001b[1m\u001b[38;5;12m--> \u001b[0m\u001b[0mveil-tests/src/compile_tests/succeed.rs:83:10\u001b[0m\n\u001b[0m   \u001b[0m\u001b[0m\u001b[1m\u001b[38;5;12m|\u001b[0m\n\u001b[0m\u001b[1m\u001b[38;5;12m83\u001b[0m\u001b[0m \u001b[0m\u001b[0m\u001b[1m\u001b[38;5;12m|\u001b[0m\u001b[0m \u001b[0m\u001b[0m#[derive(Redact)]\u001b[0m\n\u001b[0m   \u001b[0m\u001b[0m\u001b[1m\u001b[38;5;12m| \u001b[0m\u001b[0m         \u001b[0m\u001b[0m\u001b[1m\u001b[38;5;9m^^^^^^\u001b[0m\n\u001b[0m   \u001b[0m\u001b[0m\u001b[1m\u001b[38;5;12m|\u001b[0m\n\u001b[0m   \u001b[0m\u001b[0m\u001b[1m\u001b[38;5;12m= \u001b[0m\u001b[0m\u001b[1mnote\u001b[0m\u001b[0m: this error originates in the derive macro `Redact` (in Nightly builds, run with -Z macro-backtrace for more info)\u001b[0m\n\n"}
{"$message_type":"diagnostic","message":"expected one of `,`, `.`, `?`, or an operator, found `\"visa_data_2\"`","code":null,"level":"error","spans":[{"file_name":"veil-tests/src/compile_tests/succeed.rs","byte_start":1219,"byte_end":1225,"line_start":83,"line_end":83,"column_start":10,"column_end":16,"is_primary":true,"text":[{"text":"#[derive(Redact)]","highlight_start":10,"highlight_end":16}],"label":"expected one of `,`, `.`, `?`, or an operator","suggested_replacement":null,"suggestion_applicability":null,"expansion":{"span":{"file_name":"veil-tests/src/compile_tests/succeed.rs","byte_start":1219,"byte_end":1225,"line_start":83,"line_end":83,"column_start":10,"column_end":16,"is_primary":false,"text":[{"text":"#[derive(Redact)]","highlight_start":10,"highlight_end":16}],"label":null,"suggested_replacement":null,"suggestion_applicability":null,"expansion":null},"macro_decl_name":"#[derive(Redact)]","def_site_span":{"file_name":"/Users/vivian/Documents/CMU/19605 Engineering Privacy/secure-veil-debug-log/veil-macros/src/lib.rs","byte_start":405,"byte_end":459,"line_start":22,"line_end":22,"column_start":1,"column_end":55,"is_primary":false,"text":[{"text":"pub fn derive_redact(item: TokenStream) -> TokenStream {","highlight_start":1,"highlight_end":55}],"label":null,"suggested_replacement":null,"suggestion_applicability":null,"expansion":null}}}],"children":[],"rendered":"\u001b[0m\u001b[1m\u001b[38;5;9merror\u001b[0m\u001b[0m\u001b[1m: expected one of `,`, `.`, `?`, or an operator, found `\"visa_data_2\"`\u001b[0m\n\u001b[0m  \u001b[0m\u001b[0m\u001b[1m\u001b[38;5;12m--> \u001b[0m\u001b[0mveil-tests/src/compile_tests/succeed.rs:83:10\u001b[0m\n\u001b[0m   \u001b[0m\u001b[0m\u001b[1m\u001b[38;5;12m|\u001b[0m\n\u001b[0m\u001b[1m\u001b[38;5;12m83\u001b[0m\u001b[0m \u001b[0m\u001b[0m\u001b[1m\u001b[38;5;12m|\u001b[0m\u001b[0m \u001b[0m\u001b[0m#[derive(Redact)]\u001b[0m\n\u001b[0m   \u001b[0m\u001b[0m\u001b[1m\u001b[38;5;12m| \u001b[0m\u001b[0m         \u001b[0m\u001b[0m\u001b[1m\u001b[38;5;9m^^^^^^\u001b[0m\u001b[0m \u001b[0m\u001b[0m\u001b[1m\u001b[38;5;9mexpected one of `,`, `.`, `?`, or an operator\u001b[0m\n\u001b[0m   \u001b[0m\u001b[0m\u001b[1m\u001b[38;5;12m|\u001b[0m\n\u001b[0m   \u001b[0m\u001b[0m\u001b[1m\u001b[38;5;12m= \u001b[0m\u001b[0m\u001b[1mnote\u001b[0m\u001b[0m: this error originates in the derive macro `Redact` (in Nightly builds, run with -Z macro-backtrace for more info)\u001b[0m\n\n"}
{"$message_type":"diagnostic","message":"unexpected token: `\"foo\"`","code":null,"level":"error","spans":[{"file_name":"veil-tests/src/compile_tests/succeed.rs","byte_start":6123,"byte_end":6129,"line_start":285,"line_end":285,"column_start":38,"column_end":44,"is_primary":true,"text":[{"text":"    #[derive(Serialize, Deserialize, Redact, RandGen)]","highlight_start":38,"highlight_end":44}],"label":null,"suggested_replacement":null,"suggestion_applicability":null,"expansion":{"span":{"file_name":"veil-tests/src/compile_tests/succeed.rs","byte_start":6123,"byte_end":6129,"line_start":285,"line_end":285,"column_start":38,"column_end":44,"is_primary":false,"text":[{"text":"    #[derive(Serialize, Deserialize, Redact, RandGen)]","highlight_start":38,"highlight_end":44}],"label":null,"suggested_replacement":null,"suggestion_applicability":null,"expansion":null},"macro_decl_name":"#[derive(Redact)]","def_site_span":{"file_name":"/Users/vivian/Documents/CMU/19605 Engineering Privacy/secure-veil-debug-log/veil-macros/src/lib.rs","byte_start":405,"byte_end":459,"line_start":22,"line_end":22,"column_start":1,"column_end":55,"is_primary":false,"text":[{"text":"pub fn derive_redact(item: TokenStream) -> TokenStream {","highlight_start":1,"highlight_end":55}],"label":null,"suggested_replacement":null,"suggestion_applicability":null,"expansion":null}}}],"children":[],"rendered":"\u001b[0m\u001b[1m\u001b[38;5;9merror\u001b[0m\u001b[0m\u001b[1m: unexpected token: `\"foo\"`\u001b[0m\n\u001b[0m   \u001b[0m\u001b[0m\u001b[1m\u001b[38;5;12m--> \u001b[0m\u001b[0mveil-tests/src/compile_tests/succeed.rs:285:38\u001b[0m\n\u001b[0m    \u001b[0m\u001b[0m\u001b[1m\u001b[38;5;12m|\u001b[0m\n\u001b[0m\u001b[1m\u001b[38;5;12m285\u001b[0m\u001b[0m \u001b[0m\u001b[0m\u001b[1m\u001b[38;5;12m|\u001b[0m\u001b[0m \u001b[0m\u001b[0m    #[derive(Serialize, Deserialize, Redact, RandGen)]\u001b[0m\n\u001b[0m    \u001b[0m\u001b[0m\u001b[1m\u001b[38;5;12m| \u001b[0m\u001b[0m                                     \u001b[0m\u001b[0m\u001b[1m\u001b[38;5;9m^^^^^^\u001b[0m\n\u001b[0m    \u001b[0m\u001b[0m\u001b[1m\u001b[38;5;12m|\u001b[0m\n\u001b[0m    \u001b[0m\u001b[0m\u001b[1m\u001b[38;5;12m= \u001b[0m\u001b[0m\u001b[1mnote\u001b[0m\u001b[0m: this error originates in the derive macro `Redact` (in Nightly builds, run with -Z macro-backtrace for more info)\u001b[0m\n\n"}
{"$message_type":"diagnostic","message":"expected one of `,`, `.`, `?`, or an operator, found `\"foo\"`","code":null,"level":"error","spans":[{"file_name":"veil-tests/src/compile_tests/succeed.rs","byte_start":6123,"byte_end":6129,"line_start":285,"line_end":285,"column_start":38,"column_end":44,"is_primary":true,"text":[{"text":"    #[derive(Serialize, Deserialize, Redact, RandGen)]","highlight_start":38,"highlight_end":44}],"label":"expected one of `,`, `.`, `?`, or an operator","suggested_replacement":null,"suggestion_applicability":null,"expansion":{"span":{"file_name":"veil-tests/src/compile_tests/succeed.rs","byte_start":6123,"byte_end":6129,"line_start":285,"line_end":285,"column_start":38,"column_end":44,"is_primary":false,"text":[{"text":"    #[derive(Serialize, Deserialize, Redact, RandGen)]","highlight_start":38,"highlight_end":44}],"label":null,"suggested_replacement":null,"suggestion_applicability":null,"expansion":null},"macro_decl_name":"#[derive(Redact)]","def_site_span":{"file_name":"/Users/vivian/Documents/CMU/19605 Engineering Privacy/secure-veil-debug-log/veil-macros/src/lib.rs","byte_start":405,"byte_end":459,"line_start":22,"line_end":22,"column_start":1,"column_end":55,"is_primary":false,"text":[{"text":"pub fn derive_redact(item: TokenStream) -> TokenStream {","highlight_start":1,"highlight_end":55}],"label":null,"suggested_replacement":null,"suggestion_applicability":null,"expansion":null}}}],"children":[],"rendered":"\u001b[0m\u001b[1m\u001b[38;5;9merror\u001b[0m\u001b[0m\u001b[1m: expected one of `,`, `.`, `?`, or an operator, found `\"foo\"`\u001b[0m\n\u001b[0m   \u001b[0m\u001b[0m\u001b[1m\u001b[38;5;12m--> \u001b[0m\u001b[0mveil-tests/src/compile_tests/succeed.rs:285:38\u001b[0m\n\u001b[0m    \u001b[0m\u001b[0m\u001b[1m\u001b[38;5;12m|\u001b[0m\n\u001b[0m\u001b[1m\u001b[38;5;12m285\u001b[0m\u001b[0m \u001b[0m\u001b[0m\u001b[1m\u001b[38;5;12m|\u001b[0m\u001b[0m \u001b[0m\u001b[0m    #[derive(Serialize, Deserialize, Redact, RandGen)]\u001b[0m\n\u001b[0m    \u001b[0m\u001b[0m\u001b[1m\u001b[38;5;12m| \u001b[0m\u001b[0m                                     \u001b[0m\u001b[0m\u001b[1m\u001b[38;5;9m^^^^^^\u001b[0m\u001b[0m \u001b[0m\u001b[0m\u001b[1m\u001b[38;5;9mexpected one of `,`, `.`, `?`, or an operator\u001b[0m\n\u001b[0m    \u001b[0m\u001b[0m\u001b[1m\u001b[38;5;12m|\u001b[0m\n\u001b[0m    \u001b[0m\u001b[0m\u001b[1m\u001b[38;5;12m= \u001b[0m\u001b[0m\u001b[1mnote\u001b[0m\u001b[0m: this error originates in the derive macro `Redact` (in Nightly builds, run with -Z macro-backtrace for more info)\u001b[0m\n\n"}
{"$message_type":"diagnostic","message":"unexpected token: `\"bar\"`","code":null,"level":"error","spans":[{"file_name":"veil-tests/src/compile_tests/succeed.rs","byte_start":6123,"byte_end":6129,"line_start":285,"line_end":285,"column_start":38,"column_end":44,"is_primary":true,"text":[{"text":"    #[derive(Serialize, Deserialize, Redact, RandGen)]","highlight_start":38,"highlight_end":44}],"label":null,"suggested_replacement":null,"suggestion_applicability":null,"expansion":{"span":{"file_name":"veil-tests/src/compile_tests/succeed.rs","byte_start":6123,"byte_end":6129,"line_start":285,"line_end":285,"column_start":38,"column_end":44,"is_primary":false,"text":[{"text":"    #[derive(Serialize, Deserialize, Redact, RandGen)]","highlight_start":38,"highlight_end":44}],"label":null,"suggested_replacement":null,"suggestion_applicability":null,"expansion":null},"macro_decl_name":"#[derive(Redact)]","def_site_span":{"file_name":"/Users/vivian/Documents/CMU/19605 Engineering Privacy/secure-veil-debug-log/veil-macros/src/lib.rs","byte_start":405,"byte_end":459,"line_start":22,"line_end":22,"column_start":1,"column_end":55,"is_primary":false,"text":[{"text":"pub fn derive_redact(item: TokenStream) -> TokenStream {","highlight_start":1,"highlight_end":55}],"label":null,"suggested_replacement":null,"suggestion_applicability":null,"expansion":null}}}],"children":[],"rendered":"\u001b[0m\u001b[1m\u001b[38;5;9merror\u001b[0m\u001b[0m\u001b[1m: unexpected token: `\"bar\"`\u001b[0m\n\u001b[0m   \u001b[0m\u001b[0m\u001b[1m\u001b[38;5;12m--> \u001b[0m\u001b[0mveil-tests/src/compile_tests/succeed.rs:285:38\u001b[0m\n\u001b[0m    \u001b[0m\u001b[0m\u001b[1m\u001b[38;5;12m|\u001b[0m\n\u001b[0m\u001b[1m\u001b[38;5;12m285\u001b[0m\u001b[0m \u001b[0m\u001b[0m\u001b[1m\u001b[38;5;12m|\u001b[0m\u001b[0m \u001b[0m\u001b[0m    #[derive(Serialize, Deserialize, Redact, RandGen)]\u001b[0m\n\u001b[0m    \u001b[0m\u001b[0m\u001b[1m\u001b[38;5;12m| \u001b[0m\u001b[0m                                     \u001b[0m\u001b[0m\u001b[1m\u001b[38;5;9m^^^^^^\u001b[0m\n\u001b[0m    \u001b[0m\u001b[0m\u001b[1m\u001b[38;5;12m|\u001b[0m\n\u001b[0m    \u001b[0m\u001b[0m\u001b[1m\u001b[38;5;12m= \u001b[0m\u001b[0m\u001b[1mnote\u001b[0m\u001b[0m: this error originates in the derive macro `Redact` (in Nightly builds, run with -Z macro-backtrace for more info)\u001b[0m\n\n"}
{"$message_type":"diagnostic","message":"expected one of `,`, `.`, `?`, or an operator, found `\"bar\"`","code":null,"level":"error","spans":[{"file_name":"veil-tests/src/compile_tests/succeed.rs","byte_start":6123,"byte_end":6129,"line_start":285,"line_end":285,"column_start":38,"column_end":44,"is_primary":true,"text":[{"text":"    #[derive(Serialize, Deserialize, Redact, RandGen)]","highlight_start":38,"highlight_end":44}],"label":"expected one of `,`, `.`, `?`, or an operator","suggested_replacement":null,"suggestion_applicability":null,"expansion":{"span":{"file_name":"veil-tests/src/compile_tests/succeed.rs","byte_start":6123,"byte_end":6129,"line_start":285,"line_end":285,"column_start":38,"column_end":44,"is_primary":false,"text":[{"text":"    #[derive(Serialize, Deserialize, Redact, RandGen)]","highlight_start":38,"highlight_end":44}],"label":null,"suggested_replacement":null,"suggestion_applicability":null,"expansion":null},"macro_decl_name":"#[derive(Redact)]","def_site_span":{"file_name":"/Users/vivian/Documents/CMU/19605 Engineering Privacy/secure-veil-debug-log/veil-macros/src/lib.rs","byte_start":405,"byte_end":459,"line_start":22,"line_end":22,"column_start":1,"column_end":55,"is_primary":false,"text":[{"text":"pub fn derive_redact(item: TokenStream) -> TokenStream {","highlight_start":1,"highlight_end":55}],"label":null,"suggested_replacement":null,"suggestion_applicability":null,"expansion":null}}}],"children":[],"rendered":"\u001b[0m\u001b[1m\u001b[38;5;9merror\u001b[0m\u001b[0m\u001b[1m: expected one of `,`, `.`, `?`, or an operator, found `\"bar\"`\u001b[0m\n\u001b[0m   \u001b[0m\u001b[0m\u001b[1m\u001b[38;5;12m--> \u001b[0m\u001b[0mveil-tests/src/compile_tests/succeed.rs:285:38\u001b[0m\n\u001b[0m    \u001b[0m\u001b[0m\u001b[1m\u001b[38;5;12m|\u001b[0m\n\u001b[0m\u001b[1m\u001b[38;5;12m285\u001b[0m\u001b[0m \u001b[0m\u001b[0m\u001b[1m\u001b[38;5;12m|\u001b[0m\u001b[0m \u001b[0m\u001b[0m    #[derive(Serialize, Deserialize, Redact, RandGen)]\u001b[0m\n\u001b[0m    \u001b[0m\u001b[0m\u001b[1m\u001b[38;5;12m| \u001b[0m\u001b[0m                                     \u001b[0m\u001b[0m\u001b[1m\u001b[38;5;9m^^^^^^\u001b[0m\u001b[0m \u001b[0m\u001b[0m\u001b[1m\u001b[38;5;9mexpected one of `,`, `.`, `?`, or an operator\u001b[0m\n\u001b[0m    \u001b[0m\u001b[0m\u001b[1m\u001b[38;5;12m|\u001b[0m\n\u001b[0m    \u001b[0m\u001b[0m\u001b[1m\u001b[38;5;12m= \u001b[0m\u001b[0m\u001b[1mnote\u001b[0m\u001b[0m: this error originates in the derive macro `Redact` (in Nightly builds, run with -Z macro-backtrace for more info)\u001b[0m\n\n"}
{"$message_type":"diagnostic","message":"cannot find value `foo` in this scope","code":{"code":"E0425","explanation":"An unresolved name was used.\n\nErroneous code examples:\n\n```compile_fail,E0425\nsomething_that_doesnt_exist::foo;\n// error: unresolved name `something_that_doesnt_exist::foo`\n\n// or:\n\ntrait Foo {\n    fn bar() {\n        Self; // error: unresolved name `Self`\n    }\n}\n\n// or:\n\nlet x = unknown_variable;  // error: unresolved name `unknown_variable`\n```\n\nPlease verify that the name wasn't misspelled and ensure that the\nidentifier being referred to is valid for the given situation. Example:\n\n```\nenum something_that_does_exist {\n    Foo,\n}\n```\n\nOr:\n\n```\nmod something_that_does_exist {\n    pub static foo : i32 = 0i32;\n}\n\nsomething_that_does_exist::foo; // ok!\n```\n\nOr:\n\n```\nlet unknown_variable = 12u32;\nlet x = unknown_variable; // ok!\n```\n\nIf the item is not defined in the current module, it must be imported using a\n`use` statement, like so:\n\n```\n# mod foo { pub fn bar() {} }\n# fn main() {\nuse foo::bar;\nbar();\n# }\n```\n\nIf the item you are importing is not defined in some super-module of the\ncurrent module, then it must also be declared as public (e.g., `pub fn`).\n"},"level":"error","spans":[{"file_name":"veil-tests/src/compile_tests/succeed.rs","byte_start":5856,"byte_end":5859,"line_start":271,"line_end":271,"column_start":13,"column_end":16,"is_primary":true,"text":[{"text":"            foo: bool,","highlight_start":13,"highlight_end":16}],"label":"not found in this scope","suggested_replacement":null,"suggestion_applicability":null,"expansion":null}],"children":[],"rendered":"\u001b[0m\u001b[1m\u001b[38;5;9merror[E0425]\u001b[0m\u001b[0m\u001b[1m: cannot find value `foo` in this scope\u001b[0m\n\u001b[0m   \u001b[0m\u001b[0m\u001b[1m\u001b[38;5;12m--> \u001b[0m\u001b[0mveil-tests/src/compile_tests/succeed.rs:271:13\u001b[0m\n\u001b[0m    \u001b[0m\u001b[0m\u001b[1m\u001b[38;5;12m|\u001b[0m\n\u001b[0m\u001b[1m\u001b[38;5;12m271\u001b[0m\u001b[0m \u001b[0m\u001b[0m\u001b[1m\u001b[38;5;12m|\u001b[0m\u001b[0m \u001b[0m\u001b[0m            foo: bool,\u001b[0m\n\u001b[0m    \u001b[0m\u001b[0m\u001b[1m\u001b[38;5;12m| \u001b[0m\u001b[0m            \u001b[0m\u001b[0m\u001b[1m\u001b[38;5;9m^^^\u001b[0m\u001b[0m \u001b[0m\u001b[0m\u001b[1m\u001b[38;5;9mnot found in this scope\u001b[0m\n\n"}
{"$message_type":"diagnostic","message":"cannot find value `bar` in this scope","code":{"code":"E0425","explanation":"An unresolved name was used.\n\nErroneous code examples:\n\n```compile_fail,E0425\nsomething_that_doesnt_exist::foo;\n// error: unresolved name `something_that_doesnt_exist::foo`\n\n// or:\n\ntrait Foo {\n    fn bar() {\n        Self; // error: unresolved name `Self`\n    }\n}\n\n// or:\n\nlet x = unknown_variable;  // error: unresolved name `unknown_variable`\n```\n\nPlease verify that the name wasn't misspelled and ensure that the\nidentifier being referred to is valid for the given situation. Example:\n\n```\nenum something_that_does_exist {\n    Foo,\n}\n```\n\nOr:\n\n```\nmod something_that_does_exist {\n    pub static foo : i32 = 0i32;\n}\n\nsomething_that_does_exist::foo; // ok!\n```\n\nOr:\n\n```\nlet unknown_variable = 12u32;\nlet x = unknown_variable; // ok!\n```\n\nIf the item is not defined in the current module, it must be imported using a\n`use` statement, like so:\n\n```\n# mod foo { pub fn bar() {} }\n# fn main() {\nuse foo::bar;\nbar();\n# }\n```\n\nIf the item you are importing is not defined in some super-module of the\ncurrent module, then it must also be declared as public (e.g., `pub fn`).\n"},"level":"error","spans":[{"file_name":"veil-tests/src/compile_tests/succeed.rs","byte_start":5879,"byte_end":5882,"line_start":272,"line_end":272,"column_start":13,"column_end":16,"is_primary":true,"text":[{"text":"            bar: bool,","highlight_start":13,"highlight_end":16}],"label":"not found in this scope","suggested_replacement":null,"suggestion_applicability":null,"expansion":null}],"children":[],"rendered":"\u001b[0m\u001b[1m\u001b[38;5;9merror[E0425]\u001b[0m\u001b[0m\u001b[1m: cannot find value `bar` in this scope\u001b[0m\n\u001b[0m   \u001b[0m\u001b[0m\u001b[1m\u001b[38;5;12m--> \u001b[0m\u001b[0mveil-tests/src/compile_tests/succeed.rs:272:13\u001b[0m\n\u001b[0m    \u001b[0m\u001b[0m\u001b[1m\u001b[38;5;12m|\u001b[0m\n\u001b[0m\u001b[1m\u001b[38;5;12m272\u001b[0m\u001b[0m \u001b[0m\u001b[0m\u001b[1m\u001b[38;5;12m|\u001b[0m\u001b[0m \u001b[0m\u001b[0m            bar: bool,\u001b[0m\n\u001b[0m    \u001b[0m\u001b[0m\u001b[1m\u001b[38;5;12m| \u001b[0m\u001b[0m            \u001b[0m\u001b[0m\u001b[1m\u001b[38;5;9m^^^\u001b[0m\u001b[0m \u001b[0m\u001b[0m\u001b[1m\u001b[38;5;9mnot found in this scope\u001b[0m\n\n"}
{"$message_type":"diagnostic","message":"cannot find value `foo` in this scope","code":{"code":"E0425","explanation":"An unresolved name was used.\n\nErroneous code examples:\n\n```compile_fail,E0425\nsomething_that_doesnt_exist::foo;\n// error: unresolved name `something_that_doesnt_exist::foo`\n\n// or:\n\ntrait Foo {\n    fn bar() {\n        Self; // error: unresolved name `Self`\n    }\n}\n\n// or:\n\nlet x = unknown_variable;  // error: unresolved name `unknown_variable`\n```\n\nPlease verify that the name wasn't misspelled and ensure that the\nidentifier being referred to is valid for the given situation. Example:\n\n```\nenum something_that_does_exist {\n    Foo,\n}\n```\n\nOr:\n\n```\nmod something_that_does_exist {\n    pub static foo : i32 = 0i32;\n}\n\nsomething_that_does_exist::foo; // ok!\n```\n\nOr:\n\n```\nlet unknown_variable = 12u32;\nlet x = unknown_variable; // ok!\n```\n\nIf the item is not defined in the current module, it must be imported using a\n`use` statement, like so:\n\n```\n# mod foo { pub fn bar() {} }\n# fn main() {\nuse foo::bar;\nbar();\n# }\n```\n\nIf the item you are importing is not defined in some super-module of the\ncurrent module, then it must also be declared as public (e.g., `pub fn`).\n"},"level":"error","spans":[{"file_name":"veil-tests/src/compile_tests/succeed.rs","byte_start":6362,"byte_end":6365,"line_start":294,"line_end":294,"column_start":15,"column_end":18,"is_primary":true,"text":[{"text":"        Bar { foo: bool, bar: bool },","highlight_start":15,"highlight_end":18}],"label":"not found in this scope","suggested_replacement":null,"suggestion_applicability":null,"expansion":null}],"children":[],"rendered":"\u001b[0m\u001b[1m\u001b[38;5;9merror[E0425]\u001b[0m\u001b[0m\u001b[1m: cannot find value `foo` in this scope\u001b[0m\n\u001b[0m   \u001b[0m\u001b[0m\u001b[1m\u001b[38;5;12m--> \u001b[0m\u001b[0mveil-tests/src/compile_tests/succeed.rs:294:15\u001b[0m\n\u001b[0m    \u001b[0m\u001b[0m\u001b[1m\u001b[38;5;12m|\u001b[0m\n\u001b[0m\u001b[1m\u001b[38;5;12m294\u001b[0m\u001b[0m \u001b[0m\u001b[0m\u001b[1m\u001b[38;5;12m|\u001b[0m\u001b[0m \u001b[0m\u001b[0m        Bar { foo: bool, bar: bool },\u001b[0m\n\u001b[0m    \u001b[0m\u001b[0m\u001b[1m\u001b[38;5;12m| \u001b[0m\u001b[0m              \u001b[0m\u001b[0m\u001b[1m\u001b[38;5;9m^^^\u001b[0m\u001b[0m \u001b[0m\u001b[0m\u001b[1m\u001b[38;5;9mnot found in this scope\u001b[0m\n\n"}
{"$message_type":"diagnostic","message":"cannot find value `bar` in this scope","code":{"code":"E0425","explanation":"An unresolved name was used.\n\nErroneous code examples:\n\n```compile_fail,E0425\nsomething_that_doesnt_exist::foo;\n// error: unresolved name `something_that_doesnt_exist::foo`\n\n// or:\n\ntrait Foo {\n    fn bar() {\n        Self; // error: unresolved name `Self`\n    }\n}\n\n// or:\n\nlet x = unknown_variable;  // error: unresolved name `unknown_variable`\n```\n\nPlease verify that the name wasn't misspelled and ensure that the\nidentifier being referred to is valid for the given situation. Example:\n\n```\nenum something_that_does_exist {\n    Foo,\n}\n```\n\nOr:\n\n```\nmod something_that_does_exist {\n    pub static foo : i32 = 0i32;\n}\n\nsomething_that_does_exist::foo; // ok!\n```\n\nOr:\n\n```\nlet unknown_variable = 12u32;\nlet x = unknown_variable; // ok!\n```\n\nIf the item is not defined in the current module, it must be imported using a\n`use` statement, like so:\n\n```\n# mod foo { pub fn bar() {} }\n# fn main() {\nuse foo::bar;\nbar();\n# }\n```\n\nIf the item you are importing is not defined in some super-module of the\ncurrent module, then it must also be declared as public (e.g., `pub fn`).\n"},"level":"error","spans":[{"file_name":"veil-tests/src/compile_tests/succeed.rs","byte_start":6373,"byte_end":6376,"line_start":294,"line_end":294,"column_start":26,"column_end":29,"is_primary":true,"text":[{"text":"        Bar { foo: bool, bar: bool },","highlight_start":26,"highlight_end":29}],"label":"not found in this scope","suggested_replacement":null,"suggestion_applicability":null,"expansion":null}],"children":[],"rendered":"\u001b[0m\u001b[1m\u001b[38;5;9merror[E0425]\u001b[0m\u001b[0m\u001b[1m: cannot find value `bar` in this scope\u001b[0m\n\u001b[0m   \u001b[0m\u001b[0m\u001b[1m\u001b[38;5;12m--> \u001b[0m\u001b[0mveil-tests/src/compile_tests/succeed.rs:294:26\u001b[0m\n\u001b[0m    \u001b[0m\u001b[0m\u001b[1m\u001b[38;5;12m|\u001b[0m\n\u001b[0m\u001b[1m\u001b[38;5;12m294\u001b[0m\u001b[0m \u001b[0m\u001b[0m\u001b[1m\u001b[38;5;12m|\u001b[0m\u001b[0m \u001b[0m\u001b[0m        Bar { foo: bool, bar: bool },\u001b[0m\n\u001b[0m    \u001b[0m\u001b[0m\u001b[1m\u001b[38;5;12m| \u001b[0m\u001b[0m                         \u001b[0m\u001b[0m\u001b[1m\u001b[38;5;9m^^^\u001b[0m\u001b[0m \u001b[0m\u001b[0m\u001b[1m\u001b[38;5;9mnot found in this scope\u001b[0m\n\n"}
{"$message_type":"diagnostic","message":"aborting due to 12 previous errors","code":null,"level":"error","spans":[],"children":[],"rendered":"\u001b[0m\u001b[1m\u001b[38;5;9merror\u001b[0m\u001b[0m\u001b[1m: aborting due to 12 previous errors\u001b[0m\n\n"}
{"$message_type":"diagnostic","message":"For more information about this error, try `rustc --explain E0425`.","code":null,"level":"failure-note","spans":[],"children":[],"rendered":"\u001b[0m\u001b[1mFor more information about this error, try `rustc --explain E0425`.\u001b[0m\n"}
